<?xml version="1.0" encoding="UTF-8"?>
<!-- Generated by org.testng.reporters.JUnitReportReporter -->
<testsuite skipped="0" hostname="DESKTOP-6P6IV4K" name="Framework.TestNG.LoginTest" tests="3" failures="0" timestamp="02 Jun 2019 16:13:42 GMT" time="21.125" errors="0">
  <testcase name="testLogIn" time="7.669" classname="Framework.TestNG.LoginTest"/>
  <testcase name="testLogIn2" time="7.227" classname="Framework.TestNG.LoginTest"/>
  <testcase name="infinitFailure" time="6.229" classname="Framework.TestNG.LoginTest"/>
</testsuite> <!-- Framework.TestNG.LoginTest -->
